10:54:19 AM: DEBUG [connectionpool.py:244] Starting new HTTP connection (1): www.google.com:80
11:18:30 AM: DEBUG [connectionpool.py:244] Starting new HTTP connection (1): www.google.com:80
11:18:30 AM: DEBUG [connectionpool.py:546] http://www.google.com:80 "GET / HTTP/1.1" 200 8158
11:22:46 AM: DEBUG [connectionpool.py:244] Starting new HTTP connection (1): www.google.com:80
11:22:46 AM: DEBUG [connectionpool.py:546] http://www.google.com:80 "GET / HTTP/1.1" 200 8141
11:22:50 AM: DEBUG [connectionpool.py:244] Starting new HTTP connection (1): www.google.com:80
11:22:50 AM: DEBUG [connectionpool.py:546] http://www.google.com:80 "GET / HTTP/1.1" 200 8166
11:22:50 AM: DEBUG [connectionpool.py:244] Starting new HTTP connection (1): www.google.com:80
11:22:51 AM: DEBUG [connectionpool.py:546] http://www.google.com:80 "GET / HTTP/1.1" 200 8156
11:22:51 AM: DEBUG [connectionpool.py:244] Starting new HTTP connection (1): www.google.com:80
11:22:51 AM: DEBUG [connectionpool.py:546] http://www.google.com:80 "GET / HTTP/1.1" 200 8198
11:22:51 AM: DEBUG [connectionpool.py:244] Starting new HTTP connection (1): www.google.com:80
11:22:51 AM: DEBUG [connectionpool.py:546] http://www.google.com:80 "GET / HTTP/1.1" 200 8140
11:22:51 AM: DEBUG [connectionpool.py:244] Starting new HTTP connection (1): www.google.com:80
11:22:51 AM: DEBUG [connectionpool.py:546] http://www.google.com:80 "GET / HTTP/1.1" 200 8140
11:22:51 AM: DEBUG [connectionpool.py:244] Starting new HTTP connection (1): www.google.com:80
11:22:51 AM: DEBUG [connectionpool.py:546] http://www.google.com:80 "GET / HTTP/1.1" 200 8169
11:22:51 AM: DEBUG [connectionpool.py:244] Starting new HTTP connection (1): www.google.com:80
11:22:51 AM: DEBUG [connectionpool.py:546] http://www.google.com:80 "GET / HTTP/1.1" 200 8136
11:22:51 AM: DEBUG [connectionpool.py:244] Starting new HTTP connection (1): www.google.com:80
11:22:52 AM: DEBUG [connectionpool.py:546] http://www.google.com:80 "GET / HTTP/1.1" 200 8167
11:23:03 AM: DEBUG [connectionpool.py:244] Starting new HTTP connection (1): www.google.com:80
11:23:03 AM: DEBUG [connectionpool.py:546] http://www.google.com:80 "GET / HTTP/1.1" 200 8144
11:23:04 AM: DEBUG [connectionpool.py:244] Starting new HTTP connection (1): www.google.com:80
11:23:04 AM: DEBUG [connectionpool.py:546] http://www.google.com:80 "GET / HTTP/1.1" 200 8134
11:23:05 AM: DEBUG [connectionpool.py:244] Starting new HTTP connection (1): www.google.com:80
11:23:05 AM: DEBUG [connectionpool.py:546] http://www.google.com:80 "GET / HTTP/1.1" 200 8166
11:23:06 AM: DEBUG [connectionpool.py:244] Starting new HTTP connection (1): www.google.com:80
11:23:06 AM: DEBUG [connectionpool.py:546] http://www.google.com:80 "GET / HTTP/1.1" 200 8145
11:23:10 AM: DEBUG [connectionpool.py:244] Starting new HTTP connection (1): www.google.com:80
11:23:10 AM: DEBUG [connectionpool.py:546] http://www.google.com:80 "GET / HTTP/1.1" 200 8137
11:23:19 AM: DEBUG [connectionpool.py:244] Starting new HTTP connection (1): www.google.com:80
11:23:19 AM: DEBUG [connectionpool.py:546] http://www.google.com:80 "GET / HTTP/1.1" 200 8142
11:23:19 AM: DEBUG [connectionpool.py:244] Starting new HTTP connection (1): www.google.com:80
11:23:19 AM: DEBUG [connectionpool.py:546] http://www.google.com:80 "GET / HTTP/1.1" 200 8173
11:23:19 AM: DEBUG [connectionpool.py:244] Starting new HTTP connection (1): www.google.com:80
11:23:19 AM: DEBUG [connectionpool.py:546] http://www.google.com:80 "GET / HTTP/1.1" 200 8162
11:23:20 AM: DEBUG [connectionpool.py:244] Starting new HTTP connection (1): www.google.com:80
11:23:20 AM: DEBUG [connectionpool.py:546] http://www.google.com:80 "GET / HTTP/1.1" 200 8141
11:23:20 AM: DEBUG [connectionpool.py:244] Starting new HTTP connection (1): www.google.com:80
11:23:20 AM: DEBUG [connectionpool.py:546] http://www.google.com:80 "GET / HTTP/1.1" 200 8158
11:23:20 AM: DEBUG [connectionpool.py:244] Starting new HTTP connection (1): www.google.com:80
11:23:20 AM: DEBUG [connectionpool.py:546] http://www.google.com:80 "GET / HTTP/1.1" 200 8158
11:23:24 AM: DEBUG [connectionpool.py:244] Starting new HTTP connection (1): www.google.com:80
11:23:24 AM: DEBUG [connectionpool.py:546] http://www.google.com:80 "GET / HTTP/1.1" 200 8146
11:23:25 AM: DEBUG [connectionpool.py:244] Starting new HTTP connection (1): www.google.com:80
11:23:25 AM: DEBUG [connectionpool.py:546] http://www.google.com:80 "GET / HTTP/1.1" 200 8142
11:23:28 AM: DEBUG [connectionpool.py:244] Starting new HTTP connection (1): www.google.com:80
11:23:28 AM: DEBUG [connectionpool.py:546] http://www.google.com:80 "GET / HTTP/1.1" 200 8171
11:23:30 AM: DEBUG [connectionpool.py:244] Starting new HTTP connection (1): www.google.com:80
11:23:30 AM: DEBUG [connectionpool.py:546] http://www.google.com:80 "GET / HTTP/1.1" 200 8138
11:23:31 AM: DEBUG [connectionpool.py:244] Starting new HTTP connection (1): www.google.com:80
11:23:31 AM: DEBUG [connectionpool.py:546] http://www.google.com:80 "GET / HTTP/1.1" 200 8119
11:23:32 AM: DEBUG [connectionpool.py:244] Starting new HTTP connection (1): www.google.com:80
11:23:33 AM: DEBUG [connectionpool.py:546] http://www.google.com:80 "GET / HTTP/1.1" 200 8162
11:23:36 AM: DEBUG [connectionpool.py:244] Starting new HTTP connection (1): www.google.com:80
11:23:36 AM: DEBUG [connectionpool.py:546] http://www.google.com:80 "GET / HTTP/1.1" 200 8138
11:23:37 AM: DEBUG [connectionpool.py:244] Starting new HTTP connection (1): www.google.com:80
11:23:37 AM: DEBUG [connectionpool.py:546] http://www.google.com:80 "GET / HTTP/1.1" 200 8129
11:23:50 AM: DEBUG [connectionpool.py:244] Starting new HTTP connection (1): www.google.com:80
11:23:51 AM: DEBUG [connectionpool.py:546] http://www.google.com:80 "GET / HTTP/1.1" 200 8154
11:23:51 AM: DEBUG [connectionpool.py:244] Starting new HTTP connection (1): www.google.com:80
11:23:51 AM: DEBUG [connectionpool.py:546] http://www.google.com:80 "GET / HTTP/1.1" 200 8144
11:23:51 AM: DEBUG [connectionpool.py:244] Starting new HTTP connection (1): www.google.com:80
11:23:51 AM: DEBUG [connectionpool.py:546] http://www.google.com:80 "GET / HTTP/1.1" 200 8115
11:23:51 AM: DEBUG [connectionpool.py:244] Starting new HTTP connection (1): www.google.com:80
11:23:51 AM: DEBUG [connectionpool.py:546] http://www.google.com:80 "GET / HTTP/1.1" 200 8137
11:23:51 AM: DEBUG [connectionpool.py:244] Starting new HTTP connection (1): www.google.com:80
11:23:51 AM: DEBUG [connectionpool.py:546] http://www.google.com:80 "GET / HTTP/1.1" 200 8168
11:23:51 AM: DEBUG [connectionpool.py:244] Starting new HTTP connection (1): www.google.com:80
11:23:51 AM: DEBUG [connectionpool.py:546] http://www.google.com:80 "GET / HTTP/1.1" 200 8166
11:23:51 AM: DEBUG [connectionpool.py:244] Starting new HTTP connection (1): www.google.com:80
11:23:51 AM: DEBUG [connectionpool.py:546] http://www.google.com:80 "GET / HTTP/1.1" 200 8106
11:23:51 AM: DEBUG [connectionpool.py:244] Starting new HTTP connection (1): www.google.com:80
11:23:52 AM: DEBUG [connectionpool.py:546] http://www.google.com:80 "GET / HTTP/1.1" 200 8126
11:23:54 AM: DEBUG [connectionpool.py:244] Starting new HTTP connection (1): www.google.com:80
11:23:54 AM: DEBUG [connectionpool.py:546] http://www.google.com:80 "GET / HTTP/1.1" 200 8173
11:23:54 AM: DEBUG [connectionpool.py:244] Starting new HTTP connection (1): www.google.com:80
11:23:55 AM: DEBUG [connectionpool.py:546] http://www.google.com:80 "GET / HTTP/1.1" 200 8127
11:23:55 AM: DEBUG [connectionpool.py:244] Starting new HTTP connection (1): www.google.com:80
11:23:55 AM: DEBUG [connectionpool.py:546] http://www.google.com:80 "GET / HTTP/1.1" 200 8113
11:23:55 AM: DEBUG [connectionpool.py:244] Starting new HTTP connection (1): www.google.com:80
11:23:55 AM: DEBUG [connectionpool.py:546] http://www.google.com:80 "GET / HTTP/1.1" 200 8140
11:23:55 AM: DEBUG [connectionpool.py:244] Starting new HTTP connection (1): www.google.com:80
11:23:55 AM: DEBUG [connectionpool.py:546] http://www.google.com:80 "GET / HTTP/1.1" 200 8164
11:23:55 AM: DEBUG [connectionpool.py:244] Starting new HTTP connection (1): www.google.com:80
11:23:55 AM: DEBUG [connectionpool.py:546] http://www.google.com:80 "GET / HTTP/1.1" 200 8149
11:23:55 AM: DEBUG [connectionpool.py:244] Starting new HTTP connection (1): www.google.com:80
11:23:55 AM: DEBUG [connectionpool.py:546] http://www.google.com:80 "GET / HTTP/1.1" 200 8169
11:23:55 AM: DEBUG [connectionpool.py:244] Starting new HTTP connection (1): www.google.com:80
11:23:55 AM: DEBUG [connectionpool.py:546] http://www.google.com:80 "GET / HTTP/1.1" 200 8174
11:24:24 AM: DEBUG [connectionpool.py:244] Starting new HTTP connection (1): www.google.com:80
12:00:59 PM: DEBUG [connectionpool.py:244] Starting new HTTP connection (1): www.google.com:80
12:00:59 PM: DEBUG [connectionpool.py:546] http://www.google.com:80 "GET / HTTP/1.1" 200 8108
12:01:05 PM: DEBUG [connectionpool.py:244] Starting new HTTP connection (1): www.google.com:80
12:01:05 PM: DEBUG [connectionpool.py:546] http://www.google.com:80 "GET / HTTP/1.1" 200 8163
12:01:05 PM: DEBUG [connectionpool.py:244] Starting new HTTP connection (1): www.google.com:80
12:01:05 PM: DEBUG [connectionpool.py:546] http://www.google.com:80 "GET / HTTP/1.1" 200 8150
12:01:06 PM: DEBUG [connectionpool.py:244] Starting new HTTP connection (1): www.google.com:80
12:01:06 PM: DEBUG [connectionpool.py:546] http://www.google.com:80 "GET / HTTP/1.1" 200 8108
12:01:06 PM: DEBUG [connectionpool.py:244] Starting new HTTP connection (1): www.google.com:80
12:01:06 PM: DEBUG [connectionpool.py:546] http://www.google.com:80 "GET / HTTP/1.1" 200 8150
12:01:06 PM: DEBUG [connectionpool.py:244] Starting new HTTP connection (1): www.google.com:80
12:01:07 PM: DEBUG [connectionpool.py:546] http://www.google.com:80 "GET / HTTP/1.1" 200 8132
12:01:07 PM: DEBUG [connectionpool.py:244] Starting new HTTP connection (1): www.google.com:80
12:01:07 PM: DEBUG [connectionpool.py:546] http://www.google.com:80 "GET / HTTP/1.1" 200 8136
12:01:08 PM: DEBUG [connectionpool.py:244] Starting new HTTP connection (1): www.google.com:80
12:01:08 PM: DEBUG [connectionpool.py:546] http://www.google.com:80 "GET / HTTP/1.1" 200 8156
12:01:08 PM: DEBUG [connectionpool.py:244] Starting new HTTP connection (1): www.google.com:80
12:01:08 PM: DEBUG [connectionpool.py:546] http://www.google.com:80 "GET / HTTP/1.1" 200 8154
12:01:14 PM: DEBUG [connectionpool.py:244] Starting new HTTP connection (1): www.google.com:80
12:01:14 PM: DEBUG [connectionpool.py:546] http://www.google.com:80 "GET / HTTP/1.1" 200 8145
12:01:15 PM: DEBUG [connectionpool.py:244] Starting new HTTP connection (1): www.google.com:80
12:01:15 PM: DEBUG [connectionpool.py:546] http://www.google.com:80 "GET / HTTP/1.1" 200 8124
12:01:30 PM: DEBUG [connectionpool.py:244] Starting new HTTP connection (1): www.google.com:80
12:01:30 PM: DEBUG [connectionpool.py:546] http://www.google.com:80 "GET / HTTP/1.1" 200 8150
12:01:31 PM: DEBUG [connectionpool.py:244] Starting new HTTP connection (1): www.google.com:80
12:01:31 PM: DEBUG [connectionpool.py:546] http://www.google.com:80 "GET / HTTP/1.1" 200 8157
12:01:31 PM: DEBUG [connectionpool.py:244] Starting new HTTP connection (1): www.google.com:80
12:01:31 PM: DEBUG [connectionpool.py:546] http://www.google.com:80 "GET / HTTP/1.1" 200 8159
12:01:33 PM: DEBUG [connectionpool.py:244] Starting new HTTP connection (1): www.google.com:80
12:01:33 PM: DEBUG [connectionpool.py:546] http://www.google.com:80 "GET / HTTP/1.1" 200 8155
12:01:33 PM: DEBUG [connectionpool.py:244] Starting new HTTP connection (1): www.google.com:80
12:01:33 PM: DEBUG [connectionpool.py:546] http://www.google.com:80 "GET / HTTP/1.1" 200 8140
12:01:34 PM: DEBUG [connectionpool.py:244] Starting new HTTP connection (1): www.google.com:80
12:01:34 PM: DEBUG [connectionpool.py:546] http://www.google.com:80 "GET / HTTP/1.1" 200 8126
12:03:23 PM: DEBUG [connectionpool.py:244] Starting new HTTP connection (1): www.google.com:80
12:03:23 PM: DEBUG [connectionpool.py:546] http://www.google.com:80 "GET / HTTP/1.1" 200 8164
12:03:28 PM: DEBUG [connectionpool.py:244] Starting new HTTP connection (1): www.google.com:80
12:03:28 PM: DEBUG [connectionpool.py:546] http://www.google.com:80 "GET / HTTP/1.1" 200 8123
12:03:28 PM: DEBUG [connectionpool.py:244] Starting new HTTP connection (1): www.google.com:80
12:03:29 PM: DEBUG [connectionpool.py:546] http://www.google.com:80 "GET / HTTP/1.1" 200 8142
12:03:29 PM: DEBUG [connectionpool.py:244] Starting new HTTP connection (1): www.google.com:80
12:03:29 PM: DEBUG [connectionpool.py:546] http://www.google.com:80 "GET / HTTP/1.1" 200 8141
12:03:29 PM: DEBUG [connectionpool.py:244] Starting new HTTP connection (1): www.google.com:80
12:03:30 PM: DEBUG [connectionpool.py:546] http://www.google.com:80 "GET / HTTP/1.1" 200 8179
12:03:30 PM: DEBUG [connectionpool.py:244] Starting new HTTP connection (1): www.google.com:80
12:03:30 PM: DEBUG [connectionpool.py:546] http://www.google.com:80 "GET / HTTP/1.1" 200 8174
12:03:31 PM: DEBUG [connectionpool.py:244] Starting new HTTP connection (1): www.google.com:80
12:03:31 PM: DEBUG [connectionpool.py:546] http://www.google.com:80 "GET / HTTP/1.1" 200 8161
12:03:31 PM: DEBUG [connectionpool.py:244] Starting new HTTP connection (1): www.google.com:80
12:03:31 PM: DEBUG [connectionpool.py:546] http://www.google.com:80 "GET / HTTP/1.1" 200 8161
12:03:32 PM: DEBUG [connectionpool.py:244] Starting new HTTP connection (1): www.google.com:80
12:03:32 PM: DEBUG [connectionpool.py:546] http://www.google.com:80 "GET / HTTP/1.1" 200 8124
12:04:40 PM: DEBUG [connectionpool.py:244] Starting new HTTP connection (1): www.google.com:80
12:04:40 PM: DEBUG [connectionpool.py:546] http://www.google.com:80 "GET / HTTP/1.1" 200 8194
12:04:45 PM: DEBUG [connectionpool.py:244] Starting new HTTP connection (1): www.google.com:80
12:04:45 PM: DEBUG [connectionpool.py:546] http://www.google.com:80 "GET / HTTP/1.1" 200 8133
12:04:45 PM: DEBUG [connectionpool.py:244] Starting new HTTP connection (1): www.google.com:80
12:04:46 PM: DEBUG [connectionpool.py:546] http://www.google.com:80 "GET / HTTP/1.1" 200 8149
12:04:46 PM: DEBUG [connectionpool.py:244] Starting new HTTP connection (1): www.google.com:80
12:04:46 PM: DEBUG [connectionpool.py:546] http://www.google.com:80 "GET / HTTP/1.1" 200 8138
12:04:46 PM: DEBUG [connectionpool.py:244] Starting new HTTP connection (1): www.google.com:80
12:04:46 PM: DEBUG [connectionpool.py:546] http://www.google.com:80 "GET / HTTP/1.1" 200 8140
12:04:47 PM: DEBUG [connectionpool.py:244] Starting new HTTP connection (1): www.google.com:80
12:04:47 PM: DEBUG [connectionpool.py:546] http://www.google.com:80 "GET / HTTP/1.1" 200 8134
12:04:47 PM: DEBUG [connectionpool.py:244] Starting new HTTP connection (1): www.google.com:80
12:04:47 PM: DEBUG [connectionpool.py:546] http://www.google.com:80 "GET / HTTP/1.1" 200 8146
12:04:48 PM: DEBUG [connectionpool.py:244] Starting new HTTP connection (1): www.google.com:80
12:04:48 PM: DEBUG [connectionpool.py:546] http://www.google.com:80 "GET / HTTP/1.1" 200 8126
12:04:48 PM: DEBUG [connectionpool.py:244] Starting new HTTP connection (1): www.google.com:80
12:04:48 PM: DEBUG [connectionpool.py:546] http://www.google.com:80 "GET / HTTP/1.1" 200 8138
12:04:54 PM: DEBUG [connectionpool.py:244] Starting new HTTP connection (1): www.google.com:80
12:04:54 PM: DEBUG [connectionpool.py:546] http://www.google.com:80 "GET / HTTP/1.1" 200 8127
12:05:33 PM: DEBUG [connectionpool.py:244] Starting new HTTP connection (1): www.google.com:80
12:05:34 PM: DEBUG [connectionpool.py:546] http://www.google.com:80 "GET / HTTP/1.1" 200 8149
12:05:35 PM: DEBUG [connectionpool.py:244] Starting new HTTP connection (1): www.google.com:80
12:05:35 PM: DEBUG [connectionpool.py:546] http://www.google.com:80 "GET / HTTP/1.1" 200 8135
12:05:50 PM: DEBUG [connectionpool.py:244] Starting new HTTP connection (1): www.google.com:80
12:05:50 PM: DEBUG [connectionpool.py:546] http://www.google.com:80 "GET / HTTP/1.1" 200 8144
12:05:54 PM: DEBUG [connectionpool.py:244] Starting new HTTP connection (1): www.google.com:80
12:05:54 PM: DEBUG [connectionpool.py:546] http://www.google.com:80 "GET / HTTP/1.1" 200 8162
12:05:57 PM: DEBUG [connectionpool.py:244] Starting new HTTP connection (1): www.google.com:80
12:05:57 PM: DEBUG [connectionpool.py:546] http://www.google.com:80 "GET / HTTP/1.1" 200 8126
12:05:58 PM: DEBUG [connectionpool.py:244] Starting new HTTP connection (1): www.google.com:80
12:05:58 PM: DEBUG [connectionpool.py:546] http://www.google.com:80 "GET / HTTP/1.1" 200 8298
12:06:00 PM: DEBUG [connectionpool.py:244] Starting new HTTP connection (1): www.google.com:80
12:06:00 PM: DEBUG [connectionpool.py:546] http://www.google.com:80 "GET / HTTP/1.1" 200 8132
12:06:07 PM: DEBUG [connectionpool.py:244] Starting new HTTP connection (1): www.google.com:80
12:06:08 PM: DEBUG [connectionpool.py:546] http://www.google.com:80 "GET / HTTP/1.1" 200 8135
12:06:09 PM: DEBUG [connectionpool.py:244] Starting new HTTP connection (1): www.google.com:80
12:06:09 PM: DEBUG [connectionpool.py:546] http://www.google.com:80 "GET / HTTP/1.1" 200 8142
12:06:16 PM: DEBUG [connectionpool.py:244] Starting new HTTP connection (1): www.google.com:80
12:06:17 PM: DEBUG [connectionpool.py:546] http://www.google.com:80 "GET / HTTP/1.1" 200 8169
12:06:17 PM: DEBUG [connectionpool.py:244] Starting new HTTP connection (1): www.google.com:80
12:06:17 PM: DEBUG [connectionpool.py:546] http://www.google.com:80 "GET / HTTP/1.1" 200 8140
12:06:49 PM: DEBUG [connectionpool.py:244] Starting new HTTP connection (1): www.google.com:80
12:06:49 PM: DEBUG [connectionpool.py:546] http://www.google.com:80 "GET / HTTP/1.1" 200 8148
12:08:55 PM: DEBUG [connectionpool.py:244] Starting new HTTP connection (1): www.google.com:80
12:08:55 PM: DEBUG [connectionpool.py:546] http://www.google.com:80 "GET / HTTP/1.1" 200 8268
12:09:00 PM: DEBUG [connectionpool.py:244] Starting new HTTP connection (1): www.google.com:80
12:09:00 PM: DEBUG [connectionpool.py:546] http://www.google.com:80 "GET / HTTP/1.1" 200 8167
12:09:00 PM: DEBUG [connectionpool.py:244] Starting new HTTP connection (1): www.google.com:80
12:09:00 PM: DEBUG [connectionpool.py:546] http://www.google.com:80 "GET / HTTP/1.1" 200 8117
12:09:01 PM: DEBUG [connectionpool.py:244] Starting new HTTP connection (1): www.google.com:80
12:09:01 PM: DEBUG [connectionpool.py:546] http://www.google.com:80 "GET / HTTP/1.1" 200 8141
12:09:01 PM: DEBUG [connectionpool.py:244] Starting new HTTP connection (1): www.google.com:80
12:09:01 PM: DEBUG [connectionpool.py:546] http://www.google.com:80 "GET / HTTP/1.1" 200 8151
12:09:02 PM: DEBUG [connectionpool.py:244] Starting new HTTP connection (1): www.google.com:80
12:09:02 PM: DEBUG [connectionpool.py:546] http://www.google.com:80 "GET / HTTP/1.1" 200 8152
12:09:02 PM: DEBUG [connectionpool.py:244] Starting new HTTP connection (1): www.google.com:80
12:09:03 PM: DEBUG [connectionpool.py:546] http://www.google.com:80 "GET / HTTP/1.1" 200 8160
12:09:03 PM: DEBUG [connectionpool.py:244] Starting new HTTP connection (1): www.google.com:80
12:09:03 PM: DEBUG [connectionpool.py:546] http://www.google.com:80 "GET / HTTP/1.1" 200 8126
12:09:04 PM: DEBUG [connectionpool.py:244] Starting new HTTP connection (1): www.google.com:80
12:09:04 PM: DEBUG [connectionpool.py:546] http://www.google.com:80 "GET / HTTP/1.1" 200 8152
12:09:07 PM: DEBUG [connectionpool.py:244] Starting new HTTP connection (1): www.google.com:80
12:09:07 PM: DEBUG [connectionpool.py:546] http://www.google.com:80 "GET / HTTP/1.1" 200 8170
12:09:07 PM: DEBUG [connectionpool.py:244] Starting new HTTP connection (1): www.google.com:80
12:09:07 PM: DEBUG [connectionpool.py:546] http://www.google.com:80 "GET / HTTP/1.1" 200 8143
12:09:14 PM: DEBUG [connectionpool.py:244] Starting new HTTP connection (1): www.google.com:80
12:09:14 PM: DEBUG [connectionpool.py:546] http://www.google.com:80 "GET / HTTP/1.1" 200 8143
12:09:16 PM: DEBUG [connectionpool.py:244] Starting new HTTP connection (1): www.google.com:80
12:09:17 PM: DEBUG [connectionpool.py:546] http://www.google.com:80 "GET / HTTP/1.1" 200 8157
12:09:46 PM: DEBUG [connectionpool.py:244] Starting new HTTP connection (1): www.google.com:80
12:09:46 PM: DEBUG [connectionpool.py:546] http://www.google.com:80 "GET / HTTP/1.1" 200 8127
12:09:50 PM: DEBUG [connectionpool.py:244] Starting new HTTP connection (1): www.google.com:80
12:09:50 PM: DEBUG [connectionpool.py:546] http://www.google.com:80 "GET / HTTP/1.1" 200 8166
12:09:50 PM: DEBUG [connectionpool.py:244] Starting new HTTP connection (1): www.google.com:80
12:09:50 PM: DEBUG [connectionpool.py:546] http://www.google.com:80 "GET / HTTP/1.1" 200 8178
12:09:51 PM: DEBUG [connectionpool.py:244] Starting new HTTP connection (1): www.google.com:80
12:09:51 PM: DEBUG [connectionpool.py:546] http://www.google.com:80 "GET / HTTP/1.1" 200 8200
12:09:51 PM: DEBUG [connectionpool.py:244] Starting new HTTP connection (1): www.google.com:80
12:09:51 PM: DEBUG [connectionpool.py:546] http://www.google.com:80 "GET / HTTP/1.1" 200 8145
12:09:52 PM: DEBUG [connectionpool.py:244] Starting new HTTP connection (1): www.google.com:80
12:09:52 PM: DEBUG [connectionpool.py:546] http://www.google.com:80 "GET / HTTP/1.1" 200 8161
12:09:52 PM: DEBUG [connectionpool.py:244] Starting new HTTP connection (1): www.google.com:80
12:09:52 PM: DEBUG [connectionpool.py:546] http://www.google.com:80 "GET / HTTP/1.1" 200 8122
12:09:53 PM: DEBUG [connectionpool.py:244] Starting new HTTP connection (1): www.google.com:80
12:09:53 PM: DEBUG [connectionpool.py:546] http://www.google.com:80 "GET / HTTP/1.1" 200 8189
12:09:53 PM: DEBUG [connectionpool.py:244] Starting new HTTP connection (1): www.google.com:80
12:09:53 PM: DEBUG [connectionpool.py:546] http://www.google.com:80 "GET / HTTP/1.1" 200 8128
12:10:03 PM: DEBUG [connectionpool.py:244] Starting new HTTP connection (1): www.google.com:80
12:10:03 PM: DEBUG [connectionpool.py:546] http://www.google.com:80 "GET / HTTP/1.1" 200 8152
12:10:19 PM: DEBUG [connectionpool.py:244] Starting new HTTP connection (1): www.google.com:80
12:10:19 PM: DEBUG [connectionpool.py:546] http://www.google.com:80 "GET / HTTP/1.1" 200 8151
12:10:20 PM: DEBUG [connectionpool.py:244] Starting new HTTP connection (1): www.google.com:80
12:10:20 PM: DEBUG [connectionpool.py:546] http://www.google.com:80 "GET / HTTP/1.1" 200 8178
12:10:23 PM: DEBUG [connectionpool.py:244] Starting new HTTP connection (1): www.google.com:80
12:10:23 PM: DEBUG [connectionpool.py:546] http://www.google.com:80 "GET / HTTP/1.1" 200 8129
12:10:24 PM: DEBUG [connectionpool.py:244] Starting new HTTP connection (1): www.google.com:80
12:10:24 PM: DEBUG [connectionpool.py:546] http://www.google.com:80 "GET / HTTP/1.1" 200 8145
12:10:24 PM: DEBUG [connectionpool.py:244] Starting new HTTP connection (1): www.google.com:80
12:10:24 PM: DEBUG [connectionpool.py:546] http://www.google.com:80 "GET / HTTP/1.1" 200 8117
12:10:25 PM: DEBUG [connectionpool.py:244] Starting new HTTP connection (1): www.google.com:80
12:10:25 PM: DEBUG [connectionpool.py:546] http://www.google.com:80 "GET / HTTP/1.1" 200 8150
12:10:25 PM: DEBUG [connectionpool.py:244] Starting new HTTP connection (1): www.google.com:80
12:10:25 PM: DEBUG [connectionpool.py:546] http://www.google.com:80 "GET / HTTP/1.1" 200 8162
12:10:26 PM: DEBUG [connectionpool.py:244] Starting new HTTP connection (1): www.google.com:80
12:10:26 PM: DEBUG [connectionpool.py:546] http://www.google.com:80 "GET / HTTP/1.1" 200 8162
12:10:35 PM: DEBUG [connectionpool.py:244] Starting new HTTP connection (1): www.google.com:80
12:10:35 PM: DEBUG [connectionpool.py:546] http://www.google.com:80 "GET / HTTP/1.1" 200 8136
12:10:38 PM: DEBUG [connectionpool.py:244] Starting new HTTP connection (1): www.google.com:80
12:10:38 PM: DEBUG [connectionpool.py:546] http://www.google.com:80 "GET / HTTP/1.1" 200 8148
12:10:38 PM: DEBUG [connectionpool.py:244] Starting new HTTP connection (1): www.google.com:80
12:10:39 PM: DEBUG [connectionpool.py:546] http://www.google.com:80 "GET / HTTP/1.1" 200 8152
12:10:53 PM: DEBUG [connectionpool.py:244] Starting new HTTP connection (1): www.google.com:80
12:10:53 PM: DEBUG [connectionpool.py:546] http://www.google.com:80 "GET / HTTP/1.1" 200 8173
12:10:53 PM: DEBUG [connectionpool.py:244] Starting new HTTP connection (1): www.google.com:80
12:10:53 PM: DEBUG [connectionpool.py:546] http://www.google.com:80 "GET / HTTP/1.1" 200 8155
12:11:08 PM: DEBUG [connectionpool.py:244] Starting new HTTP connection (1): www.google.com:80
12:11:08 PM: DEBUG [connectionpool.py:546] http://www.google.com:80 "GET / HTTP/1.1" 200 8148
12:11:30 PM: DEBUG [connectionpool.py:244] Starting new HTTP connection (1): www.google.com:80
12:11:30 PM: DEBUG [connectionpool.py:546] http://www.google.com:80 "GET / HTTP/1.1" 200 8141
12:11:31 PM: DEBUG [connectionpool.py:244] Starting new HTTP connection (1): www.google.com:80
12:11:31 PM: DEBUG [connectionpool.py:546] http://www.google.com:80 "GET / HTTP/1.1" 200 8172
12:11:32 PM: DEBUG [connectionpool.py:244] Starting new HTTP connection (1): www.google.com:80
12:11:32 PM: DEBUG [connectionpool.py:546] http://www.google.com:80 "GET / HTTP/1.1" 200 8129
12:11:32 PM: DEBUG [connectionpool.py:244] Starting new HTTP connection (1): www.google.com:80
12:11:33 PM: DEBUG [connectionpool.py:546] http://www.google.com:80 "GET / HTTP/1.1" 200 8152
12:11:42 PM: DEBUG [connectionpool.py:244] Starting new HTTP connection (1): www.google.com:80
12:11:42 PM: DEBUG [connectionpool.py:546] http://www.google.com:80 "GET / HTTP/1.1" 200 8119
12:16:29 PM: DEBUG [connectionpool.py:244] Starting new HTTP connection (1): www.google.com:80
12:16:29 PM: DEBUG [connectionpool.py:546] http://www.google.com:80 "GET / HTTP/1.1" 200 8144
12:16:34 PM: DEBUG [connectionpool.py:244] Starting new HTTP connection (1): www.google.com:80
12:16:34 PM: DEBUG [connectionpool.py:546] http://www.google.com:80 "GET / HTTP/1.1" 200 8153
12:16:34 PM: DEBUG [connectionpool.py:244] Starting new HTTP connection (1): www.google.com:80
12:16:34 PM: DEBUG [connectionpool.py:546] http://www.google.com:80 "GET / HTTP/1.1" 200 8158
12:16:34 PM: DEBUG [connectionpool.py:244] Starting new HTTP connection (1): www.google.com:80
12:16:35 PM: DEBUG [connectionpool.py:546] http://www.google.com:80 "GET / HTTP/1.1" 200 8133
12:16:35 PM: DEBUG [connectionpool.py:244] Starting new HTTP connection (1): www.google.com:80
12:16:35 PM: DEBUG [connectionpool.py:546] http://www.google.com:80 "GET / HTTP/1.1" 200 8138
12:16:35 PM: DEBUG [connectionpool.py:244] Starting new HTTP connection (1): www.google.com:80
12:16:36 PM: DEBUG [connectionpool.py:546] http://www.google.com:80 "GET / HTTP/1.1" 200 8125
12:16:36 PM: DEBUG [connectionpool.py:244] Starting new HTTP connection (1): www.google.com:80
12:16:36 PM: DEBUG [connectionpool.py:546] http://www.google.com:80 "GET / HTTP/1.1" 200 8178
12:16:37 PM: DEBUG [connectionpool.py:244] Starting new HTTP connection (1): www.google.com:80
12:16:37 PM: DEBUG [connectionpool.py:546] http://www.google.com:80 "GET / HTTP/1.1" 200 8110
12:16:37 PM: DEBUG [connectionpool.py:244] Starting new HTTP connection (1): www.google.com:80
12:16:37 PM: DEBUG [connectionpool.py:546] http://www.google.com:80 "GET / HTTP/1.1" 200 8141
12:17:46 PM: DEBUG [connectionpool.py:244] Starting new HTTP connection (1): www.google.com:80
12:17:46 PM: DEBUG [connectionpool.py:546] http://www.google.com:80 "GET / HTTP/1.1" 200 8142
12:17:51 PM: DEBUG [connectionpool.py:244] Starting new HTTP connection (1): www.google.com:80
12:17:51 PM: DEBUG [connectionpool.py:546] http://www.google.com:80 "GET / HTTP/1.1" 200 8137
12:17:52 PM: DEBUG [connectionpool.py:244] Starting new HTTP connection (1): www.google.com:80
12:17:52 PM: DEBUG [connectionpool.py:546] http://www.google.com:80 "GET / HTTP/1.1" 200 8107
12:17:52 PM: DEBUG [connectionpool.py:244] Starting new HTTP connection (1): www.google.com:80
12:17:52 PM: DEBUG [connectionpool.py:546] http://www.google.com:80 "GET / HTTP/1.1" 200 8172
12:17:53 PM: DEBUG [connectionpool.py:244] Starting new HTTP connection (1): www.google.com:80
12:17:53 PM: DEBUG [connectionpool.py:546] http://www.google.com:80 "GET / HTTP/1.1" 200 8125
12:17:53 PM: DEBUG [connectionpool.py:244] Starting new HTTP connection (1): www.google.com:80
12:17:53 PM: DEBUG [connectionpool.py:546] http://www.google.com:80 "GET / HTTP/1.1" 200 8157
12:17:54 PM: DEBUG [connectionpool.py:244] Starting new HTTP connection (1): www.google.com:80
12:17:54 PM: DEBUG [connectionpool.py:546] http://www.google.com:80 "GET / HTTP/1.1" 200 8153
12:17:54 PM: DEBUG [connectionpool.py:244] Starting new HTTP connection (1): www.google.com:80
12:17:54 PM: DEBUG [connectionpool.py:546] http://www.google.com:80 "GET / HTTP/1.1" 200 8173
12:17:55 PM: DEBUG [connectionpool.py:244] Starting new HTTP connection (1): www.google.com:80
12:17:55 PM: DEBUG [connectionpool.py:546] http://www.google.com:80 "GET / HTTP/1.1" 200 8130
12:18:11 PM: DEBUG [connectionpool.py:244] Starting new HTTP connection (1): www.google.com:80
12:18:11 PM: DEBUG [connectionpool.py:546] http://www.google.com:80 "GET / HTTP/1.1" 200 8130
12:18:15 PM: DEBUG [connectionpool.py:244] Starting new HTTP connection (1): www.google.com:80
12:18:15 PM: DEBUG [connectionpool.py:546] http://www.google.com:80 "GET / HTTP/1.1" 200 8170
12:18:15 PM: DEBUG [connectionpool.py:244] Starting new HTTP connection (1): www.google.com:80
12:18:15 PM: DEBUG [connectionpool.py:546] http://www.google.com:80 "GET / HTTP/1.1" 200 8162
12:18:16 PM: DEBUG [connectionpool.py:244] Starting new HTTP connection (1): www.google.com:80
12:18:16 PM: DEBUG [connectionpool.py:546] http://www.google.com:80 "GET / HTTP/1.1" 200 8159
12:18:16 PM: DEBUG [connectionpool.py:244] Starting new HTTP connection (1): www.google.com:80
12:18:17 PM: DEBUG [connectionpool.py:546] http://www.google.com:80 "GET / HTTP/1.1" 200 8136
12:18:17 PM: DEBUG [connectionpool.py:244] Starting new HTTP connection (1): www.google.com:80
12:18:17 PM: DEBUG [connectionpool.py:546] http://www.google.com:80 "GET / HTTP/1.1" 200 8152
12:18:18 PM: DEBUG [connectionpool.py:244] Starting new HTTP connection (1): www.google.com:80
12:18:18 PM: DEBUG [connectionpool.py:546] http://www.google.com:80 "GET / HTTP/1.1" 200 8175
12:18:18 PM: DEBUG [connectionpool.py:244] Starting new HTTP connection (1): www.google.com:80
12:18:18 PM: DEBUG [connectionpool.py:546] http://www.google.com:80 "GET / HTTP/1.1" 200 8165
12:18:19 PM: DEBUG [connectionpool.py:244] Starting new HTTP connection (1): www.google.com:80
12:18:19 PM: DEBUG [connectionpool.py:546] http://www.google.com:80 "GET / HTTP/1.1" 200 8132
12:20:59 PM: DEBUG [connectionpool.py:244] Starting new HTTP connection (1): www.google.com:80
12:21:00 PM: DEBUG [connectionpool.py:546] http://www.google.com:80 "GET / HTTP/1.1" 200 8157
12:21:04 PM: DEBUG [connectionpool.py:244] Starting new HTTP connection (1): www.google.com:80
12:21:04 PM: DEBUG [connectionpool.py:546] http://www.google.com:80 "GET / HTTP/1.1" 200 8142
12:21:05 PM: DEBUG [connectionpool.py:244] Starting new HTTP connection (1): www.google.com:80
12:21:05 PM: DEBUG [connectionpool.py:546] http://www.google.com:80 "GET / HTTP/1.1" 200 8179
12:21:05 PM: DEBUG [connectionpool.py:244] Starting new HTTP connection (1): www.google.com:80
12:21:05 PM: DEBUG [connectionpool.py:546] http://www.google.com:80 "GET / HTTP/1.1" 200 8139
12:21:06 PM: DEBUG [connectionpool.py:244] Starting new HTTP connection (1): www.google.com:80
12:21:06 PM: DEBUG [connectionpool.py:546] http://www.google.com:80 "GET / HTTP/1.1" 200 8139
12:21:06 PM: DEBUG [connectionpool.py:244] Starting new HTTP connection (1): www.google.com:80
12:21:06 PM: DEBUG [connectionpool.py:546] http://www.google.com:80 "GET / HTTP/1.1" 200 8133
12:21:07 PM: DEBUG [connectionpool.py:244] Starting new HTTP connection (1): www.google.com:80
12:21:07 PM: DEBUG [connectionpool.py:546] http://www.google.com:80 "GET / HTTP/1.1" 200 8175
12:21:07 PM: DEBUG [connectionpool.py:244] Starting new HTTP connection (1): www.google.com:80
12:21:07 PM: DEBUG [connectionpool.py:546] http://www.google.com:80 "GET / HTTP/1.1" 200 8148
12:21:08 PM: DEBUG [connectionpool.py:244] Starting new HTTP connection (1): www.google.com:80
12:21:08 PM: DEBUG [connectionpool.py:546] http://www.google.com:80 "GET / HTTP/1.1" 200 8168
12:22:16 PM: DEBUG [connectionpool.py:244] Starting new HTTP connection (1): www.google.com:80
12:22:16 PM: DEBUG [connectionpool.py:546] http://www.google.com:80 "GET / HTTP/1.1" 200 8154
12:22:21 PM: DEBUG [connectionpool.py:244] Starting new HTTP connection (1): www.google.com:80
12:22:21 PM: DEBUG [connectionpool.py:546] http://www.google.com:80 "GET / HTTP/1.1" 200 8151
12:22:21 PM: DEBUG [connectionpool.py:244] Starting new HTTP connection (1): www.google.com:80
12:22:21 PM: DEBUG [connectionpool.py:546] http://www.google.com:80 "GET / HTTP/1.1" 200 8164
12:22:22 PM: DEBUG [connectionpool.py:244] Starting new HTTP connection (1): www.google.com:80
12:22:22 PM: DEBUG [connectionpool.py:546] http://www.google.com:80 "GET / HTTP/1.1" 200 8172
12:22:22 PM: DEBUG [connectionpool.py:244] Starting new HTTP connection (1): www.google.com:80
12:22:23 PM: DEBUG [connectionpool.py:546] http://www.google.com:80 "GET / HTTP/1.1" 200 8158
12:22:23 PM: DEBUG [connectionpool.py:244] Starting new HTTP connection (1): www.google.com:80
12:22:23 PM: DEBUG [connectionpool.py:546] http://www.google.com:80 "GET / HTTP/1.1" 200 8141
12:22:24 PM: DEBUG [connectionpool.py:244] Starting new HTTP connection (1): www.google.com:80
12:22:24 PM: DEBUG [connectionpool.py:546] http://www.google.com:80 "GET / HTTP/1.1" 200 8146
12:22:24 PM: DEBUG [connectionpool.py:244] Starting new HTTP connection (1): www.google.com:80
12:22:24 PM: DEBUG [connectionpool.py:546] http://www.google.com:80 "GET / HTTP/1.1" 200 8154
12:22:25 PM: DEBUG [connectionpool.py:244] Starting new HTTP connection (1): www.google.com:80
12:22:25 PM: DEBUG [connectionpool.py:546] http://www.google.com:80 "GET / HTTP/1.1" 200 8145
07:57:10 PM: DEBUG [connectionpool.py:244] Starting new HTTP connection (1): www.google.com:80
07:57:10 PM: DEBUG [connectionpool.py:546] http://www.google.com:80 "GET / HTTP/1.1" 200 8177
07:57:14 PM: DEBUG [connectionpool.py:244] Starting new HTTP connection (1): www.google.com:80
07:57:14 PM: DEBUG [connectionpool.py:546] http://www.google.com:80 "GET / HTTP/1.1" 200 8159
07:57:14 PM: DEBUG [connectionpool.py:244] Starting new HTTP connection (1): www.google.com:80
07:57:15 PM: DEBUG [connectionpool.py:546] http://www.google.com:80 "GET / HTTP/1.1" 200 8142
07:57:15 PM: DEBUG [connectionpool.py:244] Starting new HTTP connection (1): www.google.com:80
07:57:15 PM: DEBUG [connectionpool.py:546] http://www.google.com:80 "GET / HTTP/1.1" 200 8136
07:57:15 PM: DEBUG [connectionpool.py:244] Starting new HTTP connection (1): www.google.com:80
07:57:15 PM: DEBUG [connectionpool.py:546] http://www.google.com:80 "GET / HTTP/1.1" 200 8136
07:57:15 PM: DEBUG [connectionpool.py:244] Starting new HTTP connection (1): www.google.com:80
07:57:15 PM: DEBUG [connectionpool.py:546] http://www.google.com:80 "GET / HTTP/1.1" 200 8144
07:57:15 PM: DEBUG [connectionpool.py:244] Starting new HTTP connection (1): www.google.com:80
07:57:15 PM: DEBUG [connectionpool.py:546] http://www.google.com:80 "GET / HTTP/1.1" 200 8174
07:57:15 PM: DEBUG [connectionpool.py:244] Starting new HTTP connection (1): www.google.com:80
07:57:15 PM: DEBUG [connectionpool.py:546] http://www.google.com:80 "GET / HTTP/1.1" 200 8150
07:57:15 PM: DEBUG [connectionpool.py:244] Starting new HTTP connection (1): www.google.com:80
07:57:15 PM: DEBUG [connectionpool.py:546] http://www.google.com:80 "GET / HTTP/1.1" 200 8151
07:59:13 PM: DEBUG [connectionpool.py:244] Starting new HTTP connection (1): www.google.com:80
07:59:13 PM: DEBUG [connectionpool.py:546] http://www.google.com:80 "GET / HTTP/1.1" 200 8150
07:59:16 PM: DEBUG [connectionpool.py:244] Starting new HTTP connection (1): www.google.com:80
07:59:16 PM: DEBUG [connectionpool.py:546] http://www.google.com:80 "GET / HTTP/1.1" 200 8122
07:59:16 PM: DEBUG [connectionpool.py:244] Starting new HTTP connection (1): www.google.com:80
07:59:17 PM: DEBUG [connectionpool.py:546] http://www.google.com:80 "GET / HTTP/1.1" 200 8143
07:59:17 PM: DEBUG [connectionpool.py:244] Starting new HTTP connection (1): www.google.com:80
07:59:17 PM: DEBUG [connectionpool.py:546] http://www.google.com:80 "GET / HTTP/1.1" 200 8183
07:59:17 PM: DEBUG [connectionpool.py:244] Starting new HTTP connection (1): www.google.com:80
07:59:17 PM: DEBUG [connectionpool.py:546] http://www.google.com:80 "GET / HTTP/1.1" 200 8137
07:59:17 PM: DEBUG [connectionpool.py:244] Starting new HTTP connection (1): www.google.com:80
07:59:17 PM: DEBUG [connectionpool.py:546] http://www.google.com:80 "GET / HTTP/1.1" 200 8149
07:59:17 PM: DEBUG [connectionpool.py:244] Starting new HTTP connection (1): www.google.com:80
07:59:17 PM: DEBUG [connectionpool.py:546] http://www.google.com:80 "GET / HTTP/1.1" 200 8158
07:59:17 PM: DEBUG [connectionpool.py:244] Starting new HTTP connection (1): www.google.com:80
07:59:18 PM: DEBUG [connectionpool.py:546] http://www.google.com:80 "GET / HTTP/1.1" 200 8148
07:59:18 PM: DEBUG [connectionpool.py:244] Starting new HTTP connection (1): www.google.com:80
07:59:18 PM: DEBUG [connectionpool.py:546] http://www.google.com:80 "GET / HTTP/1.1" 200 8181
08:01:51 PM: DEBUG [connectionpool.py:244] Starting new HTTP connection (1): www.google.com:80
08:01:51 PM: DEBUG [connectionpool.py:546] http://www.google.com:80 "GET / HTTP/1.1" 200 8159
08:02:21 PM: DEBUG [connectionpool.py:244] Starting new HTTP connection (1): www.google.com:80
08:02:21 PM: DEBUG [connectionpool.py:546] http://www.google.com:80 "GET / HTTP/1.1" 200 8159
08:02:21 PM: DEBUG [connectionpool.py:244] Starting new HTTP connection (1): www.google.com:80
08:02:21 PM: DEBUG [connectionpool.py:546] http://www.google.com:80 "GET / HTTP/1.1" 200 8157
08:02:21 PM: DEBUG [connectionpool.py:244] Starting new HTTP connection (1): www.google.com:80
08:02:21 PM: DEBUG [connectionpool.py:546] http://www.google.com:80 "GET / HTTP/1.1" 200 8153
08:02:22 PM: DEBUG [connectionpool.py:244] Starting new HTTP connection (1): www.google.com:80
08:02:22 PM: DEBUG [connectionpool.py:546] http://www.google.com:80 "GET / HTTP/1.1" 200 8131
08:02:22 PM: DEBUG [connectionpool.py:244] Starting new HTTP connection (1): www.google.com:80
08:02:22 PM: DEBUG [connectionpool.py:546] http://www.google.com:80 "GET / HTTP/1.1" 200 8178
08:02:22 PM: DEBUG [connectionpool.py:244] Starting new HTTP connection (1): www.google.com:80
08:02:23 PM: DEBUG [connectionpool.py:546] http://www.google.com:80 "GET / HTTP/1.1" 200 8125
08:02:26 PM: DEBUG [connectionpool.py:244] Starting new HTTP connection (1): www.google.com:80
08:02:26 PM: DEBUG [connectionpool.py:546] http://www.google.com:80 "GET / HTTP/1.1" 200 8143
08:02:26 PM: DEBUG [connectionpool.py:244] Starting new HTTP connection (1): www.google.com:80
08:02:26 PM: DEBUG [connectionpool.py:546] http://www.google.com:80 "GET / HTTP/1.1" 200 8148
08:02:26 PM: DEBUG [connectionpool.py:244] Starting new HTTP connection (1): www.google.com:80
08:02:27 PM: DEBUG [connectionpool.py:546] http://www.google.com:80 "GET / HTTP/1.1" 200 8212
08:02:27 PM: DEBUG [connectionpool.py:244] Starting new HTTP connection (1): www.google.com:80
08:02:27 PM: DEBUG [connectionpool.py:546] http://www.google.com:80 "GET / HTTP/1.1" 200 8174
08:02:27 PM: DEBUG [connectionpool.py:244] Starting new HTTP connection (1): www.google.com:80
08:02:27 PM: DEBUG [connectionpool.py:546] http://www.google.com:80 "GET / HTTP/1.1" 200 8129
08:02:27 PM: DEBUG [connectionpool.py:244] Starting new HTTP connection (1): www.google.com:80
08:02:28 PM: DEBUG [connectionpool.py:546] http://www.google.com:80 "GET / HTTP/1.1" 200 8175
08:02:28 PM: DEBUG [connectionpool.py:244] Starting new HTTP connection (1): www.google.com:80
08:02:28 PM: DEBUG [connectionpool.py:546] http://www.google.com:80 "GET / HTTP/1.1" 200 8139
08:02:28 PM: DEBUG [connectionpool.py:244] Starting new HTTP connection (1): www.google.com:80
08:02:28 PM: DEBUG [connectionpool.py:546] http://www.google.com:80 "GET / HTTP/1.1" 200 8123
08:02:28 PM: DEBUG [connectionpool.py:244] Starting new HTTP connection (1): www.google.com:80
08:02:28 PM: DEBUG [connectionpool.py:546] http://www.google.com:80 "GET / HTTP/1.1" 200 8187
08:02:29 PM: DEBUG [connectionpool.py:244] Starting new HTTP connection (1): www.google.com:80
08:02:29 PM: DEBUG [connectionpool.py:546] http://www.google.com:80 "GET / HTTP/1.1" 200 8188
08:02:29 PM: DEBUG [connectionpool.py:244] Starting new HTTP connection (1): www.google.com:80
08:02:30 PM: DEBUG [connectionpool.py:546] http://www.google.com:80 "GET / HTTP/1.1" 200 8177
08:02:30 PM: DEBUG [connectionpool.py:244] Starting new HTTP connection (1): www.google.com:80
08:02:30 PM: DEBUG [connectionpool.py:546] http://www.google.com:80 "GET / HTTP/1.1" 200 8159
08:02:30 PM: DEBUG [connectionpool.py:244] Starting new HTTP connection (1): www.google.com:80
08:02:30 PM: DEBUG [connectionpool.py:546] http://www.google.com:80 "GET / HTTP/1.1" 200 8096
08:02:30 PM: DEBUG [connectionpool.py:244] Starting new HTTP connection (1): www.google.com:80
08:02:30 PM: DEBUG [connectionpool.py:546] http://www.google.com:80 "GET / HTTP/1.1" 200 8136
08:02:31 PM: DEBUG [connectionpool.py:244] Starting new HTTP connection (1): www.google.com:80
08:02:31 PM: DEBUG [connectionpool.py:546] http://www.google.com:80 "GET / HTTP/1.1" 200 8172
08:02:32 PM: DEBUG [connectionpool.py:244] Starting new HTTP connection (1): www.google.com:80
08:02:32 PM: DEBUG [connectionpool.py:546] http://www.google.com:80 "GET / HTTP/1.1" 200 8140
08:02:32 PM: DEBUG [connectionpool.py:244] Starting new HTTP connection (1): www.google.com:80
08:02:32 PM: DEBUG [connectionpool.py:546] http://www.google.com:80 "GET / HTTP/1.1" 200 8158
08:02:32 PM: DEBUG [connectionpool.py:244] Starting new HTTP connection (1): www.google.com:80
08:02:32 PM: DEBUG [connectionpool.py:546] http://www.google.com:80 "GET / HTTP/1.1" 200 8134
08:02:32 PM: DEBUG [connectionpool.py:244] Starting new HTTP connection (1): www.google.com:80
08:02:32 PM: DEBUG [connectionpool.py:546] http://www.google.com:80 "GET / HTTP/1.1" 200 8149
08:02:33 PM: DEBUG [connectionpool.py:244] Starting new HTTP connection (1): www.google.com:80
08:02:33 PM: DEBUG [connectionpool.py:546] http://www.google.com:80 "GET / HTTP/1.1" 200 8161
08:02:33 PM: DEBUG [connectionpool.py:244] Starting new HTTP connection (1): www.google.com:80
08:02:33 PM: DEBUG [connectionpool.py:546] http://www.google.com:80 "GET / HTTP/1.1" 200 8174
08:02:33 PM: DEBUG [connectionpool.py:244] Starting new HTTP connection (1): www.google.com:80
08:02:33 PM: DEBUG [connectionpool.py:546] http://www.google.com:80 "GET / HTTP/1.1" 200 8154
08:02:33 PM: DEBUG [connectionpool.py:244] Starting new HTTP connection (1): www.google.com:80
08:02:33 PM: DEBUG [connectionpool.py:546] http://www.google.com:80 "GET / HTTP/1.1" 200 8142
08:02:34 PM: DEBUG [connectionpool.py:244] Starting new HTTP connection (1): www.google.com:80
08:02:34 PM: DEBUG [connectionpool.py:546] http://www.google.com:80 "GET / HTTP/1.1" 200 8122
08:02:47 PM: DEBUG [connectionpool.py:244] Starting new HTTP connection (1): www.google.com:80
08:02:47 PM: DEBUG [connectionpool.py:546] http://www.google.com:80 "GET / HTTP/1.1" 200 8154
08:02:47 PM: DEBUG [connectionpool.py:244] Starting new HTTP connection (1): www.google.com:80
08:02:47 PM: DEBUG [connectionpool.py:546] http://www.google.com:80 "GET / HTTP/1.1" 200 8160
08:02:48 PM: DEBUG [connectionpool.py:244] Starting new HTTP connection (1): www.google.com:80
08:02:48 PM: DEBUG [connectionpool.py:546] http://www.google.com:80 "GET / HTTP/1.1" 200 8154
08:02:48 PM: DEBUG [connectionpool.py:244] Starting new HTTP connection (1): www.google.com:80
08:02:48 PM: DEBUG [connectionpool.py:546] http://www.google.com:80 "GET / HTTP/1.1" 200 8128
08:02:50 PM: DEBUG [connectionpool.py:244] Starting new HTTP connection (1): www.google.com:80
08:02:50 PM: DEBUG [connectionpool.py:546] http://www.google.com:80 "GET / HTTP/1.1" 200 8138
08:02:51 PM: DEBUG [connectionpool.py:244] Starting new HTTP connection (1): www.google.com:80
08:02:51 PM: DEBUG [connectionpool.py:546] http://www.google.com:80 "GET / HTTP/1.1" 200 8161
08:02:51 PM: DEBUG [connectionpool.py:244] Starting new HTTP connection (1): www.google.com:80
08:02:51 PM: DEBUG [connectionpool.py:546] http://www.google.com:80 "GET / HTTP/1.1" 200 8110
08:02:51 PM: DEBUG [connectionpool.py:244] Starting new HTTP connection (1): www.google.com:80
08:02:51 PM: DEBUG [connectionpool.py:546] http://www.google.com:80 "GET / HTTP/1.1" 200 8173
08:02:51 PM: DEBUG [connectionpool.py:244] Starting new HTTP connection (1): www.google.com:80
08:02:52 PM: DEBUG [connectionpool.py:546] http://www.google.com:80 "GET / HTTP/1.1" 200 8200
08:02:52 PM: DEBUG [connectionpool.py:244] Starting new HTTP connection (1): www.google.com:80
08:02:52 PM: DEBUG [connectionpool.py:546] http://www.google.com:80 "GET / HTTP/1.1" 200 8153
08:02:52 PM: DEBUG [connectionpool.py:244] Starting new HTTP connection (1): www.google.com:80
08:02:52 PM: DEBUG [connectionpool.py:546] http://www.google.com:80 "GET / HTTP/1.1" 200 8139
08:02:52 PM: DEBUG [connectionpool.py:244] Starting new HTTP connection (1): www.google.com:80
08:02:53 PM: DEBUG [connectionpool.py:546] http://www.google.com:80 "GET / HTTP/1.1" 200 8175
08:02:53 PM: DEBUG [connectionpool.py:244] Starting new HTTP connection (1): www.google.com:80
08:02:53 PM: DEBUG [connectionpool.py:546] http://www.google.com:80 "GET / HTTP/1.1" 200 8162
08:02:54 PM: DEBUG [connectionpool.py:244] Starting new HTTP connection (1): www.google.com:80
08:02:54 PM: DEBUG [connectionpool.py:546] http://www.google.com:80 "GET / HTTP/1.1" 200 8183
08:02:54 PM: DEBUG [connectionpool.py:244] Starting new HTTP connection (1): www.google.com:80
08:02:54 PM: DEBUG [connectionpool.py:546] http://www.google.com:80 "GET / HTTP/1.1" 200 8129
08:02:56 PM: DEBUG [connectionpool.py:244] Starting new HTTP connection (1): www.google.com:80
08:02:56 PM: DEBUG [connectionpool.py:546] http://www.google.com:80 "GET / HTTP/1.1" 200 8152
08:02:56 PM: DEBUG [connectionpool.py:244] Starting new HTTP connection (1): www.google.com:80
08:02:56 PM: DEBUG [connectionpool.py:546] http://www.google.com:80 "GET / HTTP/1.1" 200 8119
08:02:57 PM: DEBUG [connectionpool.py:244] Starting new HTTP connection (1): www.google.com:80
08:02:57 PM: DEBUG [connectionpool.py:546] http://www.google.com:80 "GET / HTTP/1.1" 200 8147
08:02:57 PM: DEBUG [connectionpool.py:244] Starting new HTTP connection (1): www.google.com:80
08:02:57 PM: DEBUG [connectionpool.py:546] http://www.google.com:80 "GET / HTTP/1.1" 200 8181
08:02:57 PM: DEBUG [connectionpool.py:244] Starting new HTTP connection (1): www.google.com:80
08:02:58 PM: DEBUG [connectionpool.py:546] http://www.google.com:80 "GET / HTTP/1.1" 200 8146
08:02:58 PM: DEBUG [connectionpool.py:244] Starting new HTTP connection (1): www.google.com:80
08:02:58 PM: DEBUG [connectionpool.py:546] http://www.google.com:80 "GET / HTTP/1.1" 200 8122
08:02:58 PM: DEBUG [connectionpool.py:244] Starting new HTTP connection (1): www.google.com:80
08:02:58 PM: DEBUG [connectionpool.py:546] http://www.google.com:80 "GET / HTTP/1.1" 200 8117
08:02:58 PM: DEBUG [connectionpool.py:244] Starting new HTTP connection (1): www.google.com:80
08:02:59 PM: DEBUG [connectionpool.py:546] http://www.google.com:80 "GET / HTTP/1.1" 200 8135
08:02:59 PM: DEBUG [connectionpool.py:244] Starting new HTTP connection (1): www.google.com:80
08:02:59 PM: DEBUG [connectionpool.py:546] http://www.google.com:80 "GET / HTTP/1.1" 200 8157
08:06:08 PM: DEBUG [connectionpool.py:244] Starting new HTTP connection (1): www.google.com:80
08:06:08 PM: DEBUG [connectionpool.py:546] http://www.google.com:80 "GET / HTTP/1.1" 200 8128
08:06:22 PM: DEBUG [connectionpool.py:244] Starting new HTTP connection (1): www.google.com:80
08:06:23 PM: DEBUG [connectionpool.py:546] http://www.google.com:80 "GET / HTTP/1.1" 200 8156
08:08:01 PM: DEBUG [connectionpool.py:244] Starting new HTTP connection (1): www.google.com:80
08:08:01 PM: DEBUG [connectionpool.py:546] http://www.google.com:80 "GET / HTTP/1.1" 200 8137
07:33:34 AM: DEBUG [connectionpool.py:244] Starting new HTTP connection (1): www.google.com:80
07:33:35 AM: DEBUG [connectionpool.py:546] http://www.google.com:80 "GET / HTTP/1.1" 200 8244
07:34:31 AM: DEBUG [connectionpool.py:244] Starting new HTTP connection (1): www.google.com:80
07:34:31 AM: DEBUG [connectionpool.py:546] http://www.google.com:80 "GET / HTTP/1.1" 200 8226
07:34:35 AM: DEBUG [connectionpool.py:244] Starting new HTTP connection (1): www.google.com:80
07:34:35 AM: DEBUG [connectionpool.py:546] http://www.google.com:80 "GET / HTTP/1.1" 200 8201
07:34:35 AM: DEBUG [connectionpool.py:244] Starting new HTTP connection (1): www.google.com:80
07:34:35 AM: DEBUG [connectionpool.py:546] http://www.google.com:80 "GET / HTTP/1.1" 200 8237
07:34:35 AM: DEBUG [connectionpool.py:244] Starting new HTTP connection (1): www.google.com:80
07:34:35 AM: DEBUG [connectionpool.py:546] http://www.google.com:80 "GET / HTTP/1.1" 200 8220
07:34:36 AM: DEBUG [connectionpool.py:244] Starting new HTTP connection (1): www.google.com:80
07:34:36 AM: DEBUG [connectionpool.py:546] http://www.google.com:80 "GET / HTTP/1.1" 200 8197
07:34:36 AM: DEBUG [connectionpool.py:244] Starting new HTTP connection (1): www.google.com:80
07:34:36 AM: DEBUG [connectionpool.py:546] http://www.google.com:80 "GET / HTTP/1.1" 200 8228
07:34:36 AM: DEBUG [connectionpool.py:244] Starting new HTTP connection (1): www.google.com:80
07:34:36 AM: DEBUG [connectionpool.py:546] http://www.google.com:80 "GET / HTTP/1.1" 200 8226
07:34:36 AM: DEBUG [connectionpool.py:244] Starting new HTTP connection (1): www.google.com:80
07:34:36 AM: DEBUG [connectionpool.py:546] http://www.google.com:80 "GET / HTTP/1.1" 200 8219
07:34:36 AM: DEBUG [connectionpool.py:244] Starting new HTTP connection (1): www.google.com:80
07:34:36 AM: DEBUG [connectionpool.py:546] http://www.google.com:80 "GET / HTTP/1.1" 200 8257
07:34:45 AM: DEBUG [connectionpool.py:244] Starting new HTTP connection (1): www.google.com:80
07:34:45 AM: DEBUG [connectionpool.py:546] http://www.google.com:80 "GET / HTTP/1.1" 200 8243
07:35:40 AM: DEBUG [connectionpool.py:244] Starting new HTTP connection (1): www.google.com:80
07:35:40 AM: DEBUG [connectionpool.py:546] http://www.google.com:80 "GET / HTTP/1.1" 200 8235
07:35:41 AM: DEBUG [connectionpool.py:244] Starting new HTTP connection (1): www.google.com:80
07:35:41 AM: DEBUG [connectionpool.py:546] http://www.google.com:80 "GET / HTTP/1.1" 200 8216
07:35:50 AM: DEBUG [connectionpool.py:244] Starting new HTTP connection (1): www.google.com:80
07:35:50 AM: DEBUG [connectionpool.py:546] http://www.google.com:80 "GET / HTTP/1.1" 200 8226
07:35:51 AM: DEBUG [connectionpool.py:244] Starting new HTTP connection (1): www.google.com:80
07:35:52 AM: DEBUG [connectionpool.py:546] http://www.google.com:80 "GET / HTTP/1.1" 200 8203
07:35:52 AM: DEBUG [connectionpool.py:244] Starting new HTTP connection (1): www.google.com:80
07:35:53 AM: DEBUG [connectionpool.py:546] http://www.google.com:80 "GET / HTTP/1.1" 200 8190
07:35:55 AM: DEBUG [connectionpool.py:244] Starting new HTTP connection (1): www.google.com:80
07:35:55 AM: DEBUG [connectionpool.py:546] http://www.google.com:80 "GET / HTTP/1.1" 200 8219
07:35:58 AM: DEBUG [connectionpool.py:244] Starting new HTTP connection (1): www.google.com:80
07:35:58 AM: DEBUG [connectionpool.py:546] http://www.google.com:80 "GET / HTTP/1.1" 200 8217
07:36:10 AM: DEBUG [connectionpool.py:244] Starting new HTTP connection (1): www.google.com:80
07:36:10 AM: DEBUG [connectionpool.py:546] http://www.google.com:80 "GET / HTTP/1.1" 200 8204
07:36:14 AM: DEBUG [connectionpool.py:244] Starting new HTTP connection (1): www.google.com:80
07:36:14 AM: DEBUG [connectionpool.py:546] http://www.google.com:80 "GET / HTTP/1.1" 200 8230
10:08:58 AM: DEBUG [connectionpool.py:244] Starting new HTTP connection (1): www.google.com:80
10:08:58 AM: DEBUG [connectionpool.py:546] http://www.google.com:80 "GET / HTTP/1.1" 200 8197
10:09:02 AM: DEBUG [connectionpool.py:244] Starting new HTTP connection (1): www.google.com:80
10:09:02 AM: DEBUG [connectionpool.py:546] http://www.google.com:80 "GET / HTTP/1.1" 200 8237
10:09:02 AM: DEBUG [connectionpool.py:244] Starting new HTTP connection (1): www.google.com:80
10:09:02 AM: DEBUG [connectionpool.py:546] http://www.google.com:80 "GET / HTTP/1.1" 200 8215
10:09:02 AM: DEBUG [connectionpool.py:244] Starting new HTTP connection (1): www.google.com:80
10:09:02 AM: DEBUG [connectionpool.py:546] http://www.google.com:80 "GET / HTTP/1.1" 200 8230
10:09:02 AM: DEBUG [connectionpool.py:244] Starting new HTTP connection (1): www.google.com:80
10:09:02 AM: DEBUG [connectionpool.py:546] http://www.google.com:80 "GET / HTTP/1.1" 200 8269
10:09:02 AM: DEBUG [connectionpool.py:244] Starting new HTTP connection (1): www.google.com:80
10:09:02 AM: DEBUG [connectionpool.py:546] http://www.google.com:80 "GET / HTTP/1.1" 200 8210
10:09:02 AM: DEBUG [connectionpool.py:244] Starting new HTTP connection (1): www.google.com:80
10:09:02 AM: DEBUG [connectionpool.py:546] http://www.google.com:80 "GET / HTTP/1.1" 200 8200
10:09:02 AM: DEBUG [connectionpool.py:244] Starting new HTTP connection (1): www.google.com:80
10:09:02 AM: DEBUG [connectionpool.py:546] http://www.google.com:80 "GET / HTTP/1.1" 200 8228
10:09:03 AM: DEBUG [connectionpool.py:244] Starting new HTTP connection (1): www.google.com:80
10:09:03 AM: DEBUG [connectionpool.py:546] http://www.google.com:80 "GET / HTTP/1.1" 200 8243
10:48:04 AM: DEBUG [connectionpool.py:244] Starting new HTTP connection (1): www.google.com:80
10:48:04 AM: DEBUG [connectionpool.py:546] http://www.google.com:80 "GET / HTTP/1.1" 200 8209
10:48:07 AM: DEBUG [connectionpool.py:244] Starting new HTTP connection (1): www.google.com:80
10:48:08 AM: DEBUG [connectionpool.py:546] http://www.google.com:80 "GET / HTTP/1.1" 200 8223
10:48:08 AM: DEBUG [connectionpool.py:244] Starting new HTTP connection (1): www.google.com:80
10:48:08 AM: DEBUG [connectionpool.py:546] http://www.google.com:80 "GET / HTTP/1.1" 200 8208
10:48:08 AM: DEBUG [connectionpool.py:244] Starting new HTTP connection (1): www.google.com:80
10:48:08 AM: DEBUG [connectionpool.py:546] http://www.google.com:80 "GET / HTTP/1.1" 200 8229
10:48:08 AM: DEBUG [connectionpool.py:244] Starting new HTTP connection (1): www.google.com:80
10:48:08 AM: DEBUG [connectionpool.py:546] http://www.google.com:80 "GET / HTTP/1.1" 200 8242
10:48:08 AM: DEBUG [connectionpool.py:244] Starting new HTTP connection (1): www.google.com:80
10:48:08 AM: DEBUG [connectionpool.py:546] http://www.google.com:80 "GET / HTTP/1.1" 200 8222
10:48:08 AM: DEBUG [connectionpool.py:244] Starting new HTTP connection (1): www.google.com:80
10:48:08 AM: DEBUG [connectionpool.py:546] http://www.google.com:80 "GET / HTTP/1.1" 200 8221
10:48:08 AM: DEBUG [connectionpool.py:244] Starting new HTTP connection (1): www.google.com:80
10:48:08 AM: DEBUG [connectionpool.py:546] http://www.google.com:80 "GET / HTTP/1.1" 200 8232
10:48:08 AM: DEBUG [connectionpool.py:244] Starting new HTTP connection (1): www.google.com:80
10:48:09 AM: DEBUG [connectionpool.py:546] http://www.google.com:80 "GET / HTTP/1.1" 200 8193
10:51:21 AM: DEBUG [connectionpool.py:244] Starting new HTTP connection (1): www.google.com:80
10:51:21 AM: DEBUG [connectionpool.py:546] http://www.google.com:80 "GET / HTTP/1.1" 200 8245
10:51:24 AM: DEBUG [connectionpool.py:244] Starting new HTTP connection (1): www.google.com:80
10:51:25 AM: DEBUG [connectionpool.py:546] http://www.google.com:80 "GET / HTTP/1.1" 200 8221
10:51:25 AM: DEBUG [connectionpool.py:244] Starting new HTTP connection (1): www.google.com:80
10:51:25 AM: DEBUG [connectionpool.py:546] http://www.google.com:80 "GET / HTTP/1.1" 200 8212
10:51:25 AM: DEBUG [connectionpool.py:244] Starting new HTTP connection (1): www.google.com:80
10:51:25 AM: DEBUG [connectionpool.py:546] http://www.google.com:80 "GET / HTTP/1.1" 200 8233
10:51:25 AM: DEBUG [connectionpool.py:244] Starting new HTTP connection (1): www.google.com:80
10:51:25 AM: DEBUG [connectionpool.py:546] http://www.google.com:80 "GET / HTTP/1.1" 200 8190
10:51:25 AM: DEBUG [connectionpool.py:244] Starting new HTTP connection (1): www.google.com:80
10:51:25 AM: DEBUG [connectionpool.py:546] http://www.google.com:80 "GET / HTTP/1.1" 200 8232
10:51:25 AM: DEBUG [connectionpool.py:244] Starting new HTTP connection (1): www.google.com:80
10:51:26 AM: DEBUG [connectionpool.py:546] http://www.google.com:80 "GET / HTTP/1.1" 200 8233
10:51:26 AM: DEBUG [connectionpool.py:244] Starting new HTTP connection (1): www.google.com:80
10:51:26 AM: DEBUG [connectionpool.py:546] http://www.google.com:80 "GET / HTTP/1.1" 200 8219
10:51:26 AM: DEBUG [connectionpool.py:244] Starting new HTTP connection (1): www.google.com:80
10:51:26 AM: DEBUG [connectionpool.py:546] http://www.google.com:80 "GET / HTTP/1.1" 200 8228
11:01:10 AM: DEBUG [connectionpool.py:244] Starting new HTTP connection (1): www.google.com:80
11:01:11 AM: DEBUG [connectionpool.py:546] http://www.google.com:80 "GET / HTTP/1.1" 200 8237
11:01:14 AM: DEBUG [connectionpool.py:244] Starting new HTTP connection (1): www.google.com:80
11:01:14 AM: DEBUG [connectionpool.py:546] http://www.google.com:80 "GET / HTTP/1.1" 200 8260
11:01:14 AM: DEBUG [connectionpool.py:244] Starting new HTTP connection (1): www.google.com:80
11:01:14 AM: DEBUG [connectionpool.py:546] http://www.google.com:80 "GET / HTTP/1.1" 200 8234
11:01:14 AM: DEBUG [connectionpool.py:244] Starting new HTTP connection (1): www.google.com:80
11:01:14 AM: DEBUG [connectionpool.py:546] http://www.google.com:80 "GET / HTTP/1.1" 200 8211
11:01:14 AM: DEBUG [connectionpool.py:244] Starting new HTTP connection (1): www.google.com:80
11:01:14 AM: DEBUG [connectionpool.py:546] http://www.google.com:80 "GET / HTTP/1.1" 200 8215
11:01:14 AM: DEBUG [connectionpool.py:244] Starting new HTTP connection (1): www.google.com:80
11:01:15 AM: DEBUG [connectionpool.py:546] http://www.google.com:80 "GET / HTTP/1.1" 200 8252
11:01:15 AM: DEBUG [connectionpool.py:244] Starting new HTTP connection (1): www.google.com:80
11:01:15 AM: DEBUG [connectionpool.py:546] http://www.google.com:80 "GET / HTTP/1.1" 200 8212
11:01:15 AM: DEBUG [connectionpool.py:244] Starting new HTTP connection (1): www.google.com:80
11:01:15 AM: DEBUG [connectionpool.py:546] http://www.google.com:80 "GET / HTTP/1.1" 200 8237
11:01:15 AM: DEBUG [connectionpool.py:244] Starting new HTTP connection (1): www.google.com:80
11:01:15 AM: DEBUG [connectionpool.py:546] http://www.google.com:80 "GET / HTTP/1.1" 200 8232
11:02:10 AM: DEBUG [connectionpool.py:244] Starting new HTTP connection (1): www.google.com:80
11:02:10 AM: DEBUG [connectionpool.py:546] http://www.google.com:80 "GET / HTTP/1.1" 200 8207
11:02:13 AM: DEBUG [connectionpool.py:244] Starting new HTTP connection (1): www.google.com:80
11:02:13 AM: DEBUG [connectionpool.py:546] http://www.google.com:80 "GET / HTTP/1.1" 200 8190
11:02:14 AM: DEBUG [connectionpool.py:244] Starting new HTTP connection (1): www.google.com:80
11:02:14 AM: DEBUG [connectionpool.py:546] http://www.google.com:80 "GET / HTTP/1.1" 200 8210
11:02:14 AM: DEBUG [connectionpool.py:244] Starting new HTTP connection (1): www.google.com:80
11:02:14 AM: DEBUG [connectionpool.py:546] http://www.google.com:80 "GET / HTTP/1.1" 200 8259
11:02:27 AM: DEBUG [connectionpool.py:244] Starting new HTTP connection (1): www.google.com:80
11:02:27 AM: DEBUG [connectionpool.py:546] http://www.google.com:80 "GET / HTTP/1.1" 200 8251
11:02:31 AM: DEBUG [connectionpool.py:244] Starting new HTTP connection (1): www.google.com:80
11:02:31 AM: DEBUG [connectionpool.py:546] http://www.google.com:80 "GET / HTTP/1.1" 200 8223
11:02:31 AM: DEBUG [connectionpool.py:244] Starting new HTTP connection (1): www.google.com:80
11:02:31 AM: DEBUG [connectionpool.py:546] http://www.google.com:80 "GET / HTTP/1.1" 200 8252
11:02:31 AM: DEBUG [connectionpool.py:244] Starting new HTTP connection (1): www.google.com:80
11:02:31 AM: DEBUG [connectionpool.py:546] http://www.google.com:80 "GET / HTTP/1.1" 200 8223
11:02:31 AM: DEBUG [connectionpool.py:244] Starting new HTTP connection (1): www.google.com:80
11:02:31 AM: DEBUG [connectionpool.py:546] http://www.google.com:80 "GET / HTTP/1.1" 200 8242
11:02:31 AM: DEBUG [connectionpool.py:244] Starting new HTTP connection (1): www.google.com:80
11:02:31 AM: DEBUG [connectionpool.py:546] http://www.google.com:80 "GET / HTTP/1.1" 200 8187
11:02:31 AM: DEBUG [connectionpool.py:244] Starting new HTTP connection (1): www.google.com:80
11:02:31 AM: DEBUG [connectionpool.py:546] http://www.google.com:80 "GET / HTTP/1.1" 200 8224
11:02:31 AM: DEBUG [connectionpool.py:244] Starting new HTTP connection (1): www.google.com:80
11:02:32 AM: DEBUG [connectionpool.py:546] http://www.google.com:80 "GET / HTTP/1.1" 200 8238
11:02:32 AM: DEBUG [connectionpool.py:244] Starting new HTTP connection (1): www.google.com:80
11:02:32 AM: DEBUG [connectionpool.py:546] http://www.google.com:80 "GET / HTTP/1.1" 200 8266
11:04:34 AM: DEBUG [connectionpool.py:244] Starting new HTTP connection (1): www.google.com:80
11:04:35 AM: DEBUG [connectionpool.py:546] http://www.google.com:80 "GET / HTTP/1.1" 200 8232
11:04:38 AM: DEBUG [connectionpool.py:244] Starting new HTTP connection (1): www.google.com:80
11:04:38 AM: DEBUG [connectionpool.py:546] http://www.google.com:80 "GET / HTTP/1.1" 200 8270
11:04:38 AM: DEBUG [connectionpool.py:244] Starting new HTTP connection (1): www.google.com:80
11:04:39 AM: DEBUG [connectionpool.py:546] http://www.google.com:80 "GET / HTTP/1.1" 200 8251
11:04:39 AM: DEBUG [connectionpool.py:244] Starting new HTTP connection (1): www.google.com:80
11:04:39 AM: DEBUG [connectionpool.py:546] http://www.google.com:80 "GET / HTTP/1.1" 200 8241
11:04:39 AM: DEBUG [connectionpool.py:244] Starting new HTTP connection (1): www.google.com:80
11:04:39 AM: DEBUG [connectionpool.py:546] http://www.google.com:80 "GET / HTTP/1.1" 200 8229
11:04:39 AM: DEBUG [connectionpool.py:244] Starting new HTTP connection (1): www.google.com:80
11:04:39 AM: DEBUG [connectionpool.py:546] http://www.google.com:80 "GET / HTTP/1.1" 200 8227
11:04:39 AM: DEBUG [connectionpool.py:244] Starting new HTTP connection (1): www.google.com:80
11:04:39 AM: DEBUG [connectionpool.py:546] http://www.google.com:80 "GET / HTTP/1.1" 200 8187
11:04:39 AM: DEBUG [connectionpool.py:244] Starting new HTTP connection (1): www.google.com:80
11:04:39 AM: DEBUG [connectionpool.py:546] http://www.google.com:80 "GET / HTTP/1.1" 200 8195
11:04:39 AM: DEBUG [connectionpool.py:244] Starting new HTTP connection (1): www.google.com:80
11:04:39 AM: DEBUG [connectionpool.py:546] http://www.google.com:80 "GET / HTTP/1.1" 200 8241
11:18:07 AM: DEBUG [connectionpool.py:244] Starting new HTTP connection (1): www.google.com:80
11:18:07 AM: DEBUG [connectionpool.py:546] http://www.google.com:80 "GET / HTTP/1.1" 200 8233
08:14:02 AM: DEBUG [connectionpool.py:244] Starting new HTTP connection (1): www.google.com:80
08:14:03 AM: DEBUG [connectionpool.py:549] http://www.google.com:80 "GET / HTTP/1.1" 200 8204
08:14:06 AM: DEBUG [connectionpool.py:244] Starting new HTTP connection (1): www.google.com:80
08:14:06 AM: DEBUG [connectionpool.py:549] http://www.google.com:80 "GET / HTTP/1.1" 200 8242
08:14:06 AM: DEBUG [connectionpool.py:244] Starting new HTTP connection (1): www.google.com:80
08:14:06 AM: DEBUG [connectionpool.py:549] http://www.google.com:80 "GET / HTTP/1.1" 200 8224
08:14:06 AM: DEBUG [connectionpool.py:244] Starting new HTTP connection (1): www.google.com:80
08:14:06 AM: DEBUG [connectionpool.py:549] http://www.google.com:80 "GET / HTTP/1.1" 200 8213
08:14:06 AM: DEBUG [connectionpool.py:244] Starting new HTTP connection (1): www.google.com:80
08:14:07 AM: DEBUG [connectionpool.py:549] http://www.google.com:80 "GET / HTTP/1.1" 200 8192
08:14:07 AM: DEBUG [connectionpool.py:244] Starting new HTTP connection (1): www.google.com:80
08:14:07 AM: DEBUG [connectionpool.py:549] http://www.google.com:80 "GET / HTTP/1.1" 200 8217
08:14:07 AM: DEBUG [connectionpool.py:244] Starting new HTTP connection (1): www.google.com:80
08:14:07 AM: DEBUG [connectionpool.py:549] http://www.google.com:80 "GET / HTTP/1.1" 200 8214
08:14:07 AM: DEBUG [connectionpool.py:244] Starting new HTTP connection (1): www.google.com:80
08:14:07 AM: DEBUG [connectionpool.py:549] http://www.google.com:80 "GET / HTTP/1.1" 200 8182
08:14:07 AM: DEBUG [connectionpool.py:244] Starting new HTTP connection (1): www.google.com:80
08:14:07 AM: DEBUG [connectionpool.py:549] http://www.google.com:80 "GET / HTTP/1.1" 200 8187
08:14:21 AM: DEBUG [connectionpool.py:244] Starting new HTTP connection (1): www.google.com:80
08:14:21 AM: DEBUG [connectionpool.py:549] http://www.google.com:80 "GET / HTTP/1.1" 200 8239
08:14:27 AM: DEBUG [connectionpool.py:244] Starting new HTTP connection (1): www.google.com:80
08:14:27 AM: DEBUG [connectionpool.py:549] http://www.google.com:80 "GET / HTTP/1.1" 200 8223
08:17:50 AM: DEBUG [connectionpool.py:244] Starting new HTTP connection (1): www.google.com:80
08:17:50 AM: DEBUG [connectionpool.py:549] http://www.google.com:80 "GET / HTTP/1.1" 200 8203
08:17:53 AM: DEBUG [connectionpool.py:244] Starting new HTTP connection (1): www.google.com:80
08:17:54 AM: DEBUG [connectionpool.py:549] http://www.google.com:80 "GET / HTTP/1.1" 200 8213
08:17:54 AM: DEBUG [connectionpool.py:244] Starting new HTTP connection (1): www.google.com:80
08:17:54 AM: DEBUG [connectionpool.py:549] http://www.google.com:80 "GET / HTTP/1.1" 200 8223
08:17:54 AM: DEBUG [connectionpool.py:244] Starting new HTTP connection (1): www.google.com:80
08:17:54 AM: DEBUG [connectionpool.py:549] http://www.google.com:80 "GET / HTTP/1.1" 200 8215
08:17:54 AM: DEBUG [connectionpool.py:244] Starting new HTTP connection (1): www.google.com:80
08:17:54 AM: DEBUG [connectionpool.py:549] http://www.google.com:80 "GET / HTTP/1.1" 200 8223
08:17:54 AM: DEBUG [connectionpool.py:244] Starting new HTTP connection (1): www.google.com:80
08:17:54 AM: DEBUG [connectionpool.py:549] http://www.google.com:80 "GET / HTTP/1.1" 200 8211
08:17:54 AM: DEBUG [connectionpool.py:244] Starting new HTTP connection (1): www.google.com:80
08:17:54 AM: DEBUG [connectionpool.py:549] http://www.google.com:80 "GET / HTTP/1.1" 200 8179
08:17:54 AM: DEBUG [connectionpool.py:244] Starting new HTTP connection (1): www.google.com:80
08:17:54 AM: DEBUG [connectionpool.py:549] http://www.google.com:80 "GET / HTTP/1.1" 200 8230
08:17:54 AM: DEBUG [connectionpool.py:244] Starting new HTTP connection (1): www.google.com:80
08:17:55 AM: DEBUG [connectionpool.py:549] http://www.google.com:80 "GET / HTTP/1.1" 200 8227
08:25:24 AM: DEBUG [connectionpool.py:244] Starting new HTTP connection (1): www.google.com:80
08:25:24 AM: DEBUG [connectionpool.py:549] http://www.google.com:80 "GET / HTTP/1.1" 200 8211
08:25:28 AM: DEBUG [connectionpool.py:244] Starting new HTTP connection (1): www.google.com:80
08:25:28 AM: DEBUG [connectionpool.py:549] http://www.google.com:80 "GET / HTTP/1.1" 200 8207
08:25:28 AM: DEBUG [connectionpool.py:244] Starting new HTTP connection (1): www.google.com:80
08:25:28 AM: DEBUG [connectionpool.py:549] http://www.google.com:80 "GET / HTTP/1.1" 200 8190
08:25:28 AM: DEBUG [connectionpool.py:244] Starting new HTTP connection (1): www.google.com:80
08:25:28 AM: DEBUG [connectionpool.py:549] http://www.google.com:80 "GET / HTTP/1.1" 200 8194
08:25:28 AM: DEBUG [connectionpool.py:244] Starting new HTTP connection (1): www.google.com:80
08:25:28 AM: DEBUG [connectionpool.py:549] http://www.google.com:80 "GET / HTTP/1.1" 200 8221
08:25:28 AM: DEBUG [connectionpool.py:244] Starting new HTTP connection (1): www.google.com:80
08:25:28 AM: DEBUG [connectionpool.py:549] http://www.google.com:80 "GET / HTTP/1.1" 200 8207
08:25:28 AM: DEBUG [connectionpool.py:244] Starting new HTTP connection (1): www.google.com:80
08:25:28 AM: DEBUG [connectionpool.py:549] http://www.google.com:80 "GET / HTTP/1.1" 200 8191
08:25:28 AM: DEBUG [connectionpool.py:244] Starting new HTTP connection (1): www.google.com:80
08:25:28 AM: DEBUG [connectionpool.py:549] http://www.google.com:80 "GET / HTTP/1.1" 200 8243
08:25:28 AM: DEBUG [connectionpool.py:244] Starting new HTTP connection (1): www.google.com:80
08:25:29 AM: DEBUG [connectionpool.py:549] http://www.google.com:80 "GET / HTTP/1.1" 200 8154
08:26:09 AM: DEBUG [connectionpool.py:244] Starting new HTTP connection (1): www.google.com:80
08:26:10 AM: DEBUG [connectionpool.py:549] http://www.google.com:80 "GET / HTTP/1.1" 200 8223
08:26:13 AM: DEBUG [connectionpool.py:244] Starting new HTTP connection (1): www.google.com:80
08:26:13 AM: DEBUG [connectionpool.py:549] http://www.google.com:80 "GET / HTTP/1.1" 200 8180
08:26:13 AM: DEBUG [connectionpool.py:244] Starting new HTTP connection (1): www.google.com:80
08:26:13 AM: DEBUG [connectionpool.py:549] http://www.google.com:80 "GET / HTTP/1.1" 200 8212
08:26:13 AM: DEBUG [connectionpool.py:244] Starting new HTTP connection (1): www.google.com:80
08:26:13 AM: DEBUG [connectionpool.py:549] http://www.google.com:80 "GET / HTTP/1.1" 200 8222
08:26:13 AM: DEBUG [connectionpool.py:244] Starting new HTTP connection (1): www.google.com:80
08:26:14 AM: DEBUG [connectionpool.py:549] http://www.google.com:80 "GET / HTTP/1.1" 200 8185
08:26:14 AM: DEBUG [connectionpool.py:244] Starting new HTTP connection (1): www.google.com:80
08:26:14 AM: DEBUG [connectionpool.py:549] http://www.google.com:80 "GET / HTTP/1.1" 200 8241
08:26:14 AM: DEBUG [connectionpool.py:244] Starting new HTTP connection (1): www.google.com:80
08:26:14 AM: DEBUG [connectionpool.py:549] http://www.google.com:80 "GET / HTTP/1.1" 200 8192
08:26:14 AM: DEBUG [connectionpool.py:244] Starting new HTTP connection (1): www.google.com:80
08:26:14 AM: DEBUG [connectionpool.py:549] http://www.google.com:80 "GET / HTTP/1.1" 200 8175
08:26:14 AM: DEBUG [connectionpool.py:244] Starting new HTTP connection (1): www.google.com:80
08:26:14 AM: DEBUG [connectionpool.py:549] http://www.google.com:80 "GET / HTTP/1.1" 200 8228
08:31:15 AM: DEBUG [connectionpool.py:244] Starting new HTTP connection (1): www.google.com:80
08:31:15 AM: DEBUG [connectionpool.py:549] http://www.google.com:80 "GET / HTTP/1.1" 200 8178
08:31:19 AM: DEBUG [connectionpool.py:244] Starting new HTTP connection (1): www.google.com:80
08:31:19 AM: DEBUG [connectionpool.py:549] http://www.google.com:80 "GET / HTTP/1.1" 200 8215
08:31:19 AM: DEBUG [connectionpool.py:244] Starting new HTTP connection (1): www.google.com:80
08:31:19 AM: DEBUG [connectionpool.py:549] http://www.google.com:80 "GET / HTTP/1.1" 200 8210
08:31:19 AM: DEBUG [connectionpool.py:244] Starting new HTTP connection (1): www.google.com:80
08:31:19 AM: DEBUG [connectionpool.py:549] http://www.google.com:80 "GET / HTTP/1.1" 200 8238
08:31:19 AM: DEBUG [connectionpool.py:244] Starting new HTTP connection (1): www.google.com:80
08:31:19 AM: DEBUG [connectionpool.py:549] http://www.google.com:80 "GET / HTTP/1.1" 200 8225
08:31:19 AM: DEBUG [connectionpool.py:244] Starting new HTTP connection (1): www.google.com:80
08:31:19 AM: DEBUG [connectionpool.py:549] http://www.google.com:80 "GET / HTTP/1.1" 200 8234
08:31:20 AM: DEBUG [connectionpool.py:244] Starting new HTTP connection (1): www.google.com:80
08:31:20 AM: DEBUG [connectionpool.py:549] http://www.google.com:80 "GET / HTTP/1.1" 200 8216
08:31:20 AM: DEBUG [connectionpool.py:244] Starting new HTTP connection (1): www.google.com:80
08:31:20 AM: DEBUG [connectionpool.py:549] http://www.google.com:80 "GET / HTTP/1.1" 200 8252
08:31:20 AM: DEBUG [connectionpool.py:244] Starting new HTTP connection (1): www.google.com:80
08:31:20 AM: DEBUG [connectionpool.py:549] http://www.google.com:80 "GET / HTTP/1.1" 200 8232
08:32:07 AM: DEBUG [connectionpool.py:244] Starting new HTTP connection (1): www.google.com:80
08:32:07 AM: DEBUG [connectionpool.py:549] http://www.google.com:80 "GET / HTTP/1.1" 200 8202
08:32:11 AM: DEBUG [connectionpool.py:244] Starting new HTTP connection (1): www.google.com:80
08:32:11 AM: DEBUG [connectionpool.py:549] http://www.google.com:80 "GET / HTTP/1.1" 200 8220
08:32:11 AM: DEBUG [connectionpool.py:244] Starting new HTTP connection (1): www.google.com:80
08:32:11 AM: DEBUG [connectionpool.py:549] http://www.google.com:80 "GET / HTTP/1.1" 200 8249
08:32:11 AM: DEBUG [connectionpool.py:244] Starting new HTTP connection (1): www.google.com:80
08:32:11 AM: DEBUG [connectionpool.py:549] http://www.google.com:80 "GET / HTTP/1.1" 200 8196
08:32:11 AM: DEBUG [connectionpool.py:244] Starting new HTTP connection (1): www.google.com:80
08:32:11 AM: DEBUG [connectionpool.py:549] http://www.google.com:80 "GET / HTTP/1.1" 200 8230
08:32:11 AM: DEBUG [connectionpool.py:244] Starting new HTTP connection (1): www.google.com:80
08:32:11 AM: DEBUG [connectionpool.py:549] http://www.google.com:80 "GET / HTTP/1.1" 200 8218
08:32:11 AM: DEBUG [connectionpool.py:244] Starting new HTTP connection (1): www.google.com:80
08:32:11 AM: DEBUG [connectionpool.py:549] http://www.google.com:80 "GET / HTTP/1.1" 200 8187
08:32:11 AM: DEBUG [connectionpool.py:244] Starting new HTTP connection (1): www.google.com:80
08:32:11 AM: DEBUG [connectionpool.py:549] http://www.google.com:80 "GET / HTTP/1.1" 200 8229
08:32:11 AM: DEBUG [connectionpool.py:244] Starting new HTTP connection (1): www.google.com:80
08:32:12 AM: DEBUG [connectionpool.py:549] http://www.google.com:80 "GET / HTTP/1.1" 200 8254
